<?xml version="1.0" encoding="UTF-8"?>
<testsuite name="Regression Test"
           tests="3"
           failures="0"
           errors="0"
           skipped="0"
           time="4.647">
  <properties />
  
  
            <testcase name="aChileanComingToTheUKForWorkAndPlansOnStayingForLongerThanSixMonths" time="2.023" classname="gov.uk.check.visa.testsuite.VisaConfirmationTest" />
                <testcase name="anAustralianComingToUKForTourism" time="1.368" classname="gov.uk.check.visa.testsuite.VisaConfirmationTest" />
                <testcase name="aColumbianNationalComingToTheUKToJoinAPartnerForALongStayTheyDoHaveAnArticle10Or20Card" time="1.256" classname="gov.uk.check.visa.testsuite.VisaConfirmationTest" />
      
</testsuite>
